Checking for deprecated package usage... OK
Checking for remote package usage... OK
Checking for 'LazyData: true' usage...
'LazyData:' in the 'DESCRIPTION' should be set to false or removed
Checking version number... OK
Checking version number validity... OK
Checking R version dependency...
Update R version dependency from 4.4 to 4.5.0
Checking package size... OK
Checking individual file sizes... OK
Checking biocViews... OK
Checking that biocViews are present... OK
Checking package type based on biocViews... OK
Checking for non-trivial biocViews... OK
Checking that biocViews come from the same category...
Use biocViews from one category only (one of Software, ExperimentData, AnnotationData, Workflow)
Checking build system compatibility... OK
Checking for proper Description: field... OK
Checking if DESCRIPTION is well formatted... OK
Checking for whitespace in DESCRIPTION field names... OK
Checking that Package field matches directory/tarball name... OK
Checking for Version: field... OK
Checking for valid maintainer...
Consider adding the maintainer's ORCID iD in 'Authors@R' with 'comment=c(ORCID="...")'
Checking License: for restrictive use... OK
Checking for recommended DESCRIPTION fields... OK
Checking for Bioconductor software dependencies...
No Bioconductor dependencies detected. Note that some
            infrastructure packages may not have Bioconductor dependencies.
            For more information, reach out to the Bioconductor community
            and/or consider a CRAN submission.
Checking for pinned package versions in DESCRIPTION... OK
Checking for 'fnd' role in Authors@R...
No 'fnd' role found in Authors@R. If the work is supported
        by a grant, consider adding the 'fnd' role to the list of authors.
Checking .Rbuildignore... OK
Checking for stray BiocCheck output folders... OK
Checking for inst/doc folders... OK
Checking vignette directory...
 'sessionInfo' not found in vignette(s)
Missing from file(s):
vignettes/getting-started.Rmd
Checking package installation calls in R code... OK
Checking for library/require of circularDNACircos... OK
Checking coding practice...
 Avoid sapply(); use vapply()
Found in files:
R/circosPlot.R (line 143, column 28)
R/circosPlot.R (line 144, column 35)
 Avoid 1:...; use seq_len() or seq_along()
Found in files:
circosPlot.R (line 86, column 35)
 Avoid 'cat' and 'print' outside of 'show' methods
Found in files:
print() in R/circosPlot.R (line 284, column 13)
print() in R/circosPlot.R (line 381, column 13)
 Avoid using '=' for assignment and use '<-' instead
Found in files:
R/circosPlot.R (line 98, column 16)
R/circosPlot.R (line 101, column 19)
R/circosPlot.R (line 104, column 20)
R/circosPlot.R (line 109, column 19)
R/circosPlot.R (line 112, column 20)
Checking parsed R code in R directory, examples, vignettes... OK
Checking function lengths...
The recommended function length is 50 lines or less. There are 4 functions greater than 50 lines.
The longest 5 functions are:
dual_circos_plot() (R/circosPlot.R): 617 lines
plot_one_circos() (R/circosPlot.R): 253 lines
plot_two_circos() (R/circosPlot.R): 166 lines
panel.fun() (R/circosPlot.R): 114 lines
Checking man page documentation... OK
Checking package NEWS...
Consider adding a NEWS file, so your package news will be included in Bioconductor release announcements.
Checking unit tests...
Consider adding unit tests. We strongly encourage them. See
  https://contributions.bioconductor.org/tests.html
Checking skip_on_bioc() in tests... OK
Checking formatting of DESCRIPTION, NAMESPACE, man pages, R source, and vignette source...
Consider shorter lines; 76 lines (10%) are > 80 characters long.
First few lines:
R/circosPlot.R#L3 #' @description Generates two circos plo ...
R/circosPlot.R#L8 #' @param max_pairs_per_outer_bin number ...
R/circosPlot.R#L9 #' @param max_pairs_per_inner_bin number ...
R/circosPlot.R#L10 #' @param outer_track_arrow_head_width a ...
R/circosPlot.R#L11 #' @param outer_track_arrow_head_length  ...
R/circosPlot.R#L12 #' @param inner_track_arrow_head_width a ...
R/circosPlot.R#L13 #' @param inner_track_arrow_head_length  ...
R/circosPlot.R#L62 dual_circos_plot <- function(file1, file ...
R/circosPlot.R#L63                              max_pairs_p ...
R/circosPlot.R#L64                              outer_track ...
R/circosPlot.R#L65                              inner_track ...
R/circosPlot.R#L66                              png1 = "cir ...
R/circosPlot.R#L76       expected_names <- c("chromosome",  ...
R/circosPlot.R#L84           col_names <- c("chromosome", " ...
R/circosPlot.R#L88         df <- readr::read_delim(file, de ...
R/circosPlot.R#L97     arrow_head_position_3_pair <- functi ...
R/circosPlot.R#L100         if(plot_end - max(arrow_start,ar ...
R/circosPlot.R#L108         if(plot_end - max(arrow_start,ar ...
R/circosPlot.R#L127       names(combos) <- c("l1_start:l2_st ...
R/circosPlot.R#L144       min_counterclockwise <- min(sapply ...
R/circosPlot.R#L171     #function to find the shortest arc c ...
R/circosPlot.R#L184         arc_len <- min(abs(res$to - res$ ...
R/circosPlot.R#L208         arc_len <- min(abs(res$to - res$ ...
R/circosPlot.R#L223     #function to select the pairs i.e. i ...
R/circosPlot.R#L226       df$bin <- cut(df$start1, breaks =  ...
R/circosPlot.R#L250     plot_one_circos <- function(df, show ...
R/circosPlot.R#L261       circlize::circos.par(cell.padding  ...
R/circosPlot.R#L265       fr_rf_pairs_sel <- select_pairs(fr ...
R/circosPlot.R#L281         factors = "chr1", ylim = c(0, 1) ...
R/circosPlot.R#L283           if(exists("fr_rf_pairs_sel") & ...
R/circosPlot.R#L291                   x1 = fr_rf_pairs_sel$s ...
R/circosPlot.R#L294                   arrow.head.length = ou ...
R/circosPlot.R#L298                   x1 = fr_rf_pairs_sel$s ...
R/circosPlot.R#L301                   arrow.head.length = ou ...
R/circosPlot.R#L307                   x1 = fr_rf_pairs_sel$s ...
R/circosPlot.R#L310                   arrow.head.length = ou ...
R/circosPlot.R#L314                   x1 = fr_rf_pairs_sel$s ...
R/circosPlot.R#L317                   arrow.head.length = ou ...
R/circosPlot.R#L322               l1 <- list(start = fr_rf_p ...
R/circosPlot.R#L323               l2 <- list(start = fr_rf_p ...
R/circosPlot.R#L327                 dotted1 <- get_shortest_ ...
R/circosPlot.R#L378         factors = "chr1", ylim = c(0, 1) ...
R/circosPlot.R#L380           if (exists("rr_ff_pairs_sel")  ...
R/circosPlot.R#L388                   x1 = rr_ff_pairs_sel$s ...
R/circosPlot.R#L392                   arrow.head.length = in ...
R/circosPlot.R#L395                   x1 = rr_ff_pairs_sel$s ...
R/circosPlot.R#L399                   arrow.head.length = in ...
R/circosPlot.R#L404                   x1 = rr_ff_pairs_sel$s ...
R/circosPlot.R#L408                   arrow.head.length = in ...
R/circosPlot.R#L411                   x1 = rr_ff_pairs_sel$s ...
R/circosPlot.R#L415                   arrow.head.length = in ...
R/circosPlot.R#L419               l1 <- list(start = rr_ff_p ...
R/circosPlot.R#L420               l2 <- list(start = rr_ff_p ...
R/circosPlot.R#L423                 dotted1 <- get_shortest_ ...
R/circosPlot.R#L481       track1_top    <- circlize::get.cel ...
R/circosPlot.R#L482       track1_bottom <- circlize::get.cel ...
R/circosPlot.R#L483       track2_top    <- circlize::get.cel ...
R/circosPlot.R#L484       track2_bottom <- circlize::get.cel ...
R/circosPlot.R#L486       circlize::draw.sector(0, 360, rou1 ...
R/circosPlot.R#L487       circlize::draw.sector(0, 360, rou1 ...
R/circosPlot.R#L488       circlize::draw.sector(0, 360, rou1 ...
R/circosPlot.R#L504     plot_two_circos <- function(df, show ...
R/circosPlot.R#L516       circlize::circos.par(cell.padding  ...
R/circosPlot.R#L539                 arrow.position = arrow_h ...
R/circosPlot.R#L546                 arrow.position = arrow_h ...
R/circosPlot.R#L552                   arrow.position = arrow ...
R/circosPlot.R#L562                   dotted1 <- get_shortes ...
R/circosPlot.R#L605                 overlaps_l1 <- check_ove ...
R/circosPlot.R#L606                 overlaps_l2 <- check_ove ...
R/circosPlot.R#L608                                   # Dott ...
R/circosPlot.R#L654       track1_top    <- circlize::get.cel ...
R/circosPlot.R#L655       track1_bottom <- circlize::get.cel ...
R/circosPlot.R#L656       circlize::draw.sector(0, 360, rou1 ...
R/circosPlot.R#L657       circlize::draw.sector(0, 360, rou1 ...
R/circosPlot.R#L673   start2 <- min(df2$start1, df2$end1, df ...
R/circosPlot.R#L674   end2   <- max(df2$start1, df2$end1, df ...
Consider multiples of 4 spaces for line indents; 354 lines (48%) are not.
First few lines:
R/circosPlot.R#L63                              max_pairs_p ...
R/circosPlot.R#L64                              outer_track ...
R/circosPlot.R#L65                              inner_track ...
R/circosPlot.R#L66                              png1 = "cir ...
R/circosPlot.R#L68   read_pairs <- function(file) { ...
R/circosPlot.R#L70       df <- readr::read_csv(file, show_c ...
R/circosPlot.R#L72       first_line <- readLines(file, n =  ...
R/circosPlot.R#L73       first_items <- strsplit(first_line ...
R/circosPlot.R#L74       col_count <- length(first_items) ...
R/circosPlot.R#L76       expected_names <- c("chromosome",  ...
R/circosPlot.R#L77       is_header <- all(tolower(first_ite ...
R/circosPlot.R#L79       if (is_header) { ...
R/circosPlot.R#L81       } else { ...
R/circosPlot.R#L84           col_names <- c("chromosome", " ...
R/circosPlot.R#L86           col_names <- base_names[1:col_ ...
R/circosPlot.R#L89       } ...
R/circosPlot.R#L92   } ...
R/circosPlot.R#L94   df1 <- read_pairs(file1) ...
R/circosPlot.R#L95   df2 <- read_pairs(file2) ...
R/circosPlot.R#L98       position = "start" ...
R/circosPlot.R#L99       if(orientation == "F"){ ...
R/circosPlot.R#L101           position="start" ...
R/circosPlot.R#L104           position = "end" ...
R/circosPlot.R#L106       } ...
R/circosPlot.R#L107       else if(orientation == "R"){ ...
R/circosPlot.R#L109           position="end" ...
R/circosPlot.R#L112           position = "start" ...
R/circosPlot.R#L114       } ...
R/circosPlot.R#L115       position ...
R/circosPlot.R#L120                                   l1_sta ...
R/circosPlot.R#L121       combos <- list( ...
R/circosPlot.R#L126       ) ...
R/circosPlot.R#L127       names(combos) <- c("l1_start:l2_st ...
R/circosPlot.R#L128       circle_length <- plot_end - plot_s ...
R/circosPlot.R#L129       results <- list() ...
R/circosPlot.R#L130       for (nm in names(combos)) { ...
R/circosPlot.R#L136           from = a, ...
R/circosPlot.R#L137           to = b, ...
R/circosPlot.R#L138           clockwise = clockwise, ...
R/circosPlot.R#L139           counterclockwise = countercloc ...
R/circosPlot.R#L141       } ...
R/circosPlot.R#L142       # Find shortest path ...
R/circosPlot.R#L143       min_clockwise <- min(sapply(result ...
R/circosPlot.R#L144       min_counterclockwise <- min(sapply ...
R/circosPlot.R#L145       if (min_clockwise <= min_countercl ...
R/circosPlot.R#L147           if (results[[nm]]$clockwise == ...
R/circosPlot.R#L149               type = "clockwise", ...
R/circosPlot.R#L150               from = results[[nm]]$from, ...
R/circosPlot.R#L151               to = results[[nm]]$to ...
R/circosPlot.R#L153           } ...
R/circosPlot.R#L155       } else { ...
R/circosPlot.R#L157           if (results[[nm]]$counterclock ...
R/circosPlot.R#L159               type = "counterclockwise", ...
R/circosPlot.R#L160               from = results[[nm]]$from, ...
R/circosPlot.R#L161               to = results[[nm]]$to, ...
R/circosPlot.R#L162               plot_start = plot_start, ...
R/circosPlot.R#L163               plot_end = plot_end ...
R/circosPlot.R#L165           } ...
R/circosPlot.R#L167       } ...
R/circosPlot.R#L173       points <- expand.grid( ...
R/circosPlot.R#L177       ) ...
R/circosPlot.R#L178       min_arc <- Inf ...
R/circosPlot.R#L179       best <- NULL ...
R/circosPlot.R#L180       for (i in seq_len(nrow(points))) { ...
R/circosPlot.R#L182                                  points$ ...
R/circosPlot.R#L183                                  points$ ...
R/circosPlot.R#L186           min_arc <- arc_len ...
R/circosPlot.R#L187           best <- res ...
R/circosPlot.R#L189       } ...
R/circosPlot.R#L190       return(best) ...
R/circosPlot.R#L197       combos <- expand.grid( ...
R/circosPlot.R#L201       ) ...
R/circosPlot.R#L202       min_arc <- Inf ...
R/circosPlot.R#L203       best <- NULL ...
R/circosPlot.R#L204       for (i in seq_len(nrow(combos))) { ...
R/circosPlot.R#L206                                  combos$ ...
R/circosPlot.R#L207                                  combos$ ...
R/circosPlot.R#L210           min_arc <- arc_len ...
R/circosPlot.R#L211           best <- res ...
R/circosPlot.R#L213       } ...
R/circosPlot.R#L214       return(best) ...
R/circosPlot.R#L220       !(a2 < b1 - tol || b2 < a1 - tol) ...
R/circosPlot.R#L225       n_bins <- length(pretty_ticks) - 1 ...
R/circosPlot.R#L226       df$bin <- cut(df$start1, breaks =  ...
R/circosPlot.R#L228       result <- do.call(rbind, lapply(sp ...
R/circosPlot.R#L231           bin_df <- bin_df[sample(n, max ...
R/circosPlot.R#L234       })) ...
R/circosPlot.R#L236       if (!is.null(result) && nrow(resul ...
R/circosPlot.R#L241       } else { ...
R/circosPlot.R#L243       } ...
R/circosPlot.R#L245       result ...
R/circosPlot.R#L251       png(filename = png_file, width = 6 ...
R/circosPlot.R#L252       n_bins <- 9 ...
R/circosPlot.R#L253       pretty_ticks <- seq(start, end, le ...
R/circosPlot.R#L254       if (n_bins > 1) { ...
R/circosPlot.R#L256       } ...
R/circosPlot.R#L257       pretty_ticks[1] <- start ...
R/circosPlot.R#L258       pretty_ticks[length(pretty_ticks)] ...
R/circosPlot.R#L259       par(mar = rep(1, 4)) ...
R/circosPlot.R#L260       circlize::circos.clear() ...
R/circosPlot.R#L261       circlize::circos.par(cell.padding  ...
R/circosPlot.R#L262       circlize::circos.initialize(factor ...
R/circosPlot.R#L263       fr_rf_pairs <- df[df$orientation = ...
R/circosPlot.R#L264       rr_ff_pairs <- df[df$orientation = ...
R/circosPlot.R#L265       fr_rf_pairs_sel <- select_pairs(fr ...
R/circosPlot.R#L266       rr_ff_pairs_sel <- select_pairs(rr ...
R/circosPlot.R#L268       pair_type_colors <- c( ...
R/circosPlot.R#L273       ) ...
R/circosPlot.R#L274       pair_type_labels <- c( ...
R/circosPlot.R#L279       ) ...
R/circosPlot.R#L280       circlize::circos.trackPlotRegion( ...
R/circosPlot.R#L283           if(exists("fr_rf_pairs_sel") & ...
R/circosPlot.R#L286               y_pos <- fr_rf_pairs_sel$y ...
R/circosPlot.R#L287               colr <- pair_type_colors[f ...
R/circosPlot.R#L289               if(fr_rf_pairs_sel$start1[ ...
R/circosPlot.R#L291                   x1 = fr_rf_pairs_sel$s ...
R/circosPlot.R#L292                   sector.index = "chr1", ...
R/circosPlot.R#L293                   arrow.position = "star ...
R/circosPlot.R#L294                   arrow.head.length = ou ...
R/circosPlot.R#L298                   x1 = fr_rf_pairs_sel$s ...
R/circosPlot.R#L299                   sector.index = "chr1", ...
R/circosPlot.R#L300                   arrow.position = "end" ...
R/circosPlot.R#L301                   arrow.head.length = ou ...
R/circosPlot.R#L304               } ...
R/circosPlot.R#L305               else{ ...
R/circosPlot.R#L307                   x1 = fr_rf_pairs_sel$s ...
R/circosPlot.R#L308                   sector.index = "chr1", ...
R/circosPlot.R#L309                   arrow.position = "end" ...
R/circosPlot.R#L310                   arrow.head.length = ou ...
R/circosPlot.R#L314                   x1 = fr_rf_pairs_sel$s ...
R/circosPlot.R#L315                   sector.index = "chr1", ...
R/circosPlot.R#L316                   arrow.position = "star ...
R/circosPlot.R#L317                   arrow.head.length = ou ...
R/circosPlot.R#L320               } ...
R/circosPlot.R#L322               l1 <- list(start = fr_rf_p ...
R/circosPlot.R#L323               l2 <- list(start = fr_rf_p ...
R/circosPlot.R#L325               if(!check_overlapping(l1$s ...
R/circosPlot.R#L330                   circlize::circos.lines ...
R/circosPlot.R#L335                   ) ...
R/circosPlot.R#L338                   if (dotted1$to < dotte ...
R/circosPlot.R#L340                       c(dotted1$from, en ...
R/circosPlot.R#L341                       c(y_pos, y_pos), ...
R/circosPlot.R#L342                       sector.index = "ch ...
R/circosPlot.R#L343                       lty = 3, lwd = 1.2 ...
R/circosPlot.R#L347                       c(start, dotted1$t ...
R/circosPlot.R#L348                       c(y_pos, y_pos), ...
R/circosPlot.R#L349                       sector.index = "ch ...
R/circosPlot.R#L350                       lty = 3, lwd = 1.2 ...
R/circosPlot.R#L352                   } ...
R/circosPlot.R#L353                   else { ...
R/circosPlot.R#L355                       c(dotted1$to, end) ...
R/circosPlot.R#L356                       c(y_pos, y_pos), ...
R/circosPlot.R#L357                       sector.index = "ch ...
R/circosPlot.R#L358                       lty = 3, lwd = 1.2 ...
R/circosPlot.R#L362                       c(start, dotted1$f ...
R/circosPlot.R#L363                       c(y_pos, y_pos), ...
R/circosPlot.R#L364                       sector.index = "ch ...
R/circosPlot.R#L365                       lty = 3, lwd = 1.2 ...
R/circosPlot.R#L367                   } ...
R/circosPlot.R#L371               } ...
R/circosPlot.R#L374           } ...
R/circosPlot.R#L376       ) ...
R/circosPlot.R#L377       circlize::circos.trackPlotRegion( ...
R/circosPlot.R#L380           if (exists("rr_ff_pairs_sel")  ...
R/circosPlot.R#L383               y_pos <- rr_ff_pairs_sel$y ...
R/circosPlot.R#L384               type <- rr_ff_pairs_sel$or ...
R/circosPlot.R#L385               colr <- pair_type_colors[t ...
R/circosPlot.R#L386               if(rr_ff_pairs_sel$start1[ ...
R/circosPlot.R#L388                   x1 = rr_ff_pairs_sel$s ...
R/circosPlot.R#L389                   sector.index = "chr1", ...
R/circosPlot.R#L390                   arrow.position = "end" ...
R/circosPlot.R#L391                   col = colr, border = c ...
R/circosPlot.R#L392                   arrow.head.length = in ...
R/circosPlot.R#L395                   x1 = rr_ff_pairs_sel$s ...
R/circosPlot.R#L396                   sector.index = "chr1", ...
R/circosPlot.R#L397                   arrow.position = "star ...
R/circosPlot.R#L398                   col = colr, border = c ...
R/circosPlot.R#L399                   arrow.head.length = in ...
R/circosPlot.R#L401               } ...
R/circosPlot.R#L402               else{ ...
R/circosPlot.R#L404                   x1 = rr_ff_pairs_sel$s ...
R/circosPlot.R#L405                   sector.index = "chr1", ...
R/circosPlot.R#L406                   arrow.position = "star ...
R/circosPlot.R#L407                   col = colr, border = c ...
R/circosPlot.R#L408                   arrow.head.length = in ...
R/circosPlot.R#L411                   x1 = rr_ff_pairs_sel$s ...
R/circosPlot.R#L412                   sector.index = "chr1", ...
R/circosPlot.R#L413                   arrow.position = "end" ...
R/circosPlot.R#L414                   col = colr, border = c ...
R/circosPlot.R#L415                   arrow.head.length = in ...
R/circosPlot.R#L417               } ...
R/circosPlot.R#L419               l1 <- list(start = rr_ff_p ...
R/circosPlot.R#L420               l2 <- list(start = rr_ff_p ...
R/circosPlot.R#L421               if(!check_overlapping(l1$s ...
R/circosPlot.R#L426                   circlize::circos.lines ...
R/circosPlot.R#L431                   ) ...
R/circosPlot.R#L434                   if (dotted1$to < dotte ...
R/circosPlot.R#L436                       c(dotted1$from, en ...
R/circosPlot.R#L437                       c(y_pos, y_pos), ...
R/circosPlot.R#L438                       sector.index = "ch ...
R/circosPlot.R#L439                       lty = 3, lwd = 1.2 ...
R/circosPlot.R#L443                       c(start, dotted1$t ...
R/circosPlot.R#L444                       c(y_pos, y_pos), ...
R/circosPlot.R#L445                       sector.index = "ch ...
R/circosPlot.R#L446                       lty = 3, lwd = 1.2 ...
R/circosPlot.R#L448                   } ...
R/circosPlot.R#L449                   else { ...
R/circosPlot.R#L451                       c(dotted1$to, end) ...
R/circosPlot.R#L452                       c(y_pos, y_pos), ...
R/circosPlot.R#L453                       sector.index = "ch ...
R/circosPlot.R#L454                       lty = 3, lwd = 1.2 ...
R/circosPlot.R#L458                       c(start, dotted1$f ...
R/circosPlot.R#L459                       c(y_pos, y_pos), ...
R/circosPlot.R#L460                       sector.index = "ch ...
R/circosPlot.R#L461                       lty = 3, lwd = 1.2 ...
R/circosPlot.R#L463                   } ...
R/circosPlot.R#L467               } ...
R/circosPlot.R#L469           } ...
R/circosPlot.R#L472       ) ...
R/circosPlot.R#L473       circlize::circos.axis( ...
R/circosPlot.R#L480       ) ...
R/circosPlot.R#L481       track1_top    <- circlize::get.cel ...
R/circosPlot.R#L482       track1_bottom <- circlize::get.cel ...
R/circosPlot.R#L483       track2_top    <- circlize::get.cel ...
R/circosPlot.R#L484       track2_bottom <- circlize::get.cel ...
R/circosPlot.R#L486       circlize::draw.sector(0, 360, rou1 ...
R/circosPlot.R#L487       circlize::draw.sector(0, 360, rou1 ...
R/circosPlot.R#L488       circlize::draw.sector(0, 360, rou1 ...
R/circosPlot.R#L490       legend("topleft", ...
R/circosPlot.R#L491              legend = pair_type_labels, ...
R/circosPlot.R#L492              col = pair_type_colors, ...
R/circosPlot.R#L493              lwd = 3, ...
R/circosPlot.R#L494              pch = c(NA, NA, NA, NA), ...
R/circosPlot.R#L495              seg.len = 2, ...
R/circosPlot.R#L496              bty = "n", ...
R/circosPlot.R#L497              cex = 0.6, ...
R/circosPlot.R#L498              text.col = pair_type_colors ...
R/circosPlot.R#L499       ) ...
R/circosPlot.R#L501       dev.off() ...
R/circosPlot.R#L505       png(filename = png_file, width = 6 ...
R/circosPlot.R#L506       n_bins <- 9 ...
R/circosPlot.R#L507       pretty_ticks <- seq(start, end, le ...
R/circosPlot.R#L508       if (n_bins > 1) { ...
R/circosPlot.R#L510       } ...
R/circosPlot.R#L511       pretty_ticks[1] <- start ...
R/circosPlot.R#L512       pretty_ticks[length(pretty_ticks)] ...
R/circosPlot.R#L514       par(mar = rep(1, 4)) ...
R/circosPlot.R#L515       circlize::circos.clear() ...
R/circosPlot.R#L516       circlize::circos.par(cell.padding  ...
R/circosPlot.R#L517       circlize::circos.initialize(factor ...
R/circosPlot.R#L519       cirucular_n <- nrow(df) ...
R/circosPlot.R#L520       df$y <- seq(0.1,0.99, length.out = ...
R/circosPlot.R#L521       circular_type_colors <- c( ...
R/circosPlot.R#L524       ) ...
R/circosPlot.R#L525       circular_labels <- c( ...
R/circosPlot.R#L528       ) ...
R/circosPlot.R#L529       circlize::circos.trackPlotRegion( ...
R/circosPlot.R#L532           for (i in seq_len(cirucular_n) ...
R/circosPlot.R#L536               circlize::circos.arrow( ...
R/circosPlot.R#L541               ) ...
R/circosPlot.R#L543               circlize::circos.arrow( ...
R/circosPlot.R#L548               ) ...
R/circosPlot.R#L550                   x1 = df$start3[i], x2  ...
R/circosPlot.R#L551                   sector.index = "chr1", ...
R/circosPlot.R#L552                   arrow.position = arrow ...
R/circosPlot.R#L553                   arrow.head.length = 0. ...
R/circosPlot.R#L561                   # Dotted line between  ...
R/circosPlot.R#L562                   dotted1 <- get_shortes ...
R/circosPlot.R#L563                   # Draw dotted1 ...
R/circosPlot.R#L564                   if (dotted1$type == "c ...
R/circosPlot.R#L566                       c(dotted1$from, do ...
R/circosPlot.R#L567                       c(y_pos, y_pos), ...
R/circosPlot.R#L568                       sector.index = "ch ...
R/circosPlot.R#L569                       lty = 3, lwd = 1.2 ...
R/circosPlot.R#L571                   } ...
R/circosPlot.R#L572                   else { ...
R/circosPlot.R#L574                       circlize::circos.l ...
R/circosPlot.R#L579                       ) ...
R/circosPlot.R#L581                       circlize::circos.l ...
R/circosPlot.R#L586                       ) ...
R/circosPlot.R#L589                       circlize::circos.l ...
R/circosPlot.R#L594                       ) ...
R/circosPlot.R#L596                       circlize::circos.l ...
R/circosPlot.R#L601                       ) ...
R/circosPlot.R#L603                   } ...
R/circosPlot.R#L608                                   # Dott ...
R/circosPlot.R#L613                   circlize::circos.lines ...
R/circosPlot.R#L618                   ) ...
R/circosPlot.R#L620                   circlize::circos.lines ...
R/circosPlot.R#L625                   ) ...
R/circosPlot.R#L626                   circlize::circos.lines ...
R/circosPlot.R#L631                   ) ...
R/circosPlot.R#L636           } ...
R/circosPlot.R#L638           circlize::circos.segments( ...
R/circosPlot.R#L643           ) ...
R/circosPlot.R#L645       ) ...
R/circosPlot.R#L646       circlize::circos.axis( ...
R/circosPlot.R#L653       ) ...
R/circosPlot.R#L654       track1_top    <- circlize::get.cel ...
R/circosPlot.R#L655       track1_bottom <- circlize::get.cel ...
R/circosPlot.R#L656       circlize::draw.sector(0, 360, rou1 ...
R/circosPlot.R#L657       circlize::draw.sector(0, 360, rou1 ...
R/circosPlot.R#L658       legend("topright", ...
R/circosPlot.R#L659              legend = circular_labels, ...
R/circosPlot.R#L660              col = circular_type_colors, ...
R/circosPlot.R#L661              lwd = 3, ...
R/circosPlot.R#L662              pch = c(NA, NA, NA, NA), ...
R/circosPlot.R#L663              seg.len = 2, ...
R/circosPlot.R#L664              bty = "n", ...
R/circosPlot.R#L665              cex = 0.6, ...
R/circosPlot.R#L666              text.col = circular_type_co ...
R/circosPlot.R#L667       ) ...
R/circosPlot.R#L668       dev.off() ...
R/circosPlot.R#L671   start1 <- min(df1$start1, df1$end1, df ...
R/circosPlot.R#L672   end1   <- max(df1$start1, df1$end1, df ...
R/circosPlot.R#L673   start2 <- min(df2$start1, df2$end1, df ...
R/circosPlot.R#L674   end2   <- max(df2$start1, df2$end1, df ...
R/circosPlot.R#L675   plot_one_circos(df1, show_inner_track  ...
R/circosPlot.R#L676   plot_two_circos(df2, show_inner_track  ...
vignettes/getting-started.Rmd#L13   collapse = TRUE, ...
vignettes/getting-started.Rmd#L14   comment = "#>" ...
vignettes/getting-started.Rmd#L21  df1 <- data.frame( ...
vignettes/getting-started.Rmd#L22    chromosome = c("chr1", "chr1","chr1", ...
vignettes/getting-started.Rmd#L23    start1     = c(1000, 1300,1050,1020), ...
vignettes/getting-started.Rmd#L24    end1       = c(1150, 1450, 1100,1070) ...
vignettes/getting-started.Rmd#L25    start2     = c(1350, 1650,1900,1930), ...
vignettes/getting-started.Rmd#L26    end2       = c(1500, 1800, 1950,1980) ...
vignettes/getting-started.Rmd#L27    orientation = c("FR", "RF","FF","RR") ...
vignettes/getting-started.Rmd#L28    stringsAsFactors = FALSE ...
vignettes/getting-started.Rmd#L29  ) ...
vignettes/getting-started.Rmd#L30  df2 <- data.frame( ...
vignettes/getting-started.Rmd#L31    chromosome = c("chr1", "chr1"), ...
vignettes/getting-started.Rmd#L32    start1     = c(1050,1020), ...
vignettes/getting-started.Rmd#L33    end1       = c(1100,1070), ...
vignettes/getting-started.Rmd#L34    start2     = c(1900,1930), ...
vignettes/getting-started.Rmd#L35    end2       = c(1950,1980), ...
vignettes/getting-started.Rmd#L36    start3     = c(1300,1700), ...
vignettes/getting-started.Rmd#L37    end3       = c(1450,1850), ...
vignettes/getting-started.Rmd#L38    orientation = c("FFR","RRF"), ...
vignettes/getting-started.Rmd#L39    stringsAsFactors = FALSE ...
vignettes/getting-started.Rmd#L40  ) ...
vignettes/getting-started.Rmd#L42  f1 <- tempfile(fileext = ".csv") ...
vignettes/getting-started.Rmd#L43  f2 <- tempfile(fileext = ".csv") ...
vignettes/getting-started.Rmd#L44  utils::write.csv(df1, f1, row.names = F ...
vignettes/getting-started.Rmd#L45  utils::write.csv(df2, f2, row.names = F ...
vignettes/getting-started.Rmd#L47  out1 <- file.path(tempdir(), "circos1.p ...
vignettes/getting-started.Rmd#L48  out2 <- file.path(tempdir(), "circos2.p ...
vignettes/getting-started.Rmd#L49  dual_circos_plot( ...
vignettes/getting-started.Rmd#L50    file1 = f1, file2 = f2, ...
vignettes/getting-started.Rmd#L51    outer_track_height = 0.25, inner_trac ...
vignettes/getting-started.Rmd#L52    max_pairs_per_outer_bin = 20, max_pai ...
vignettes/getting-started.Rmd#L53    outer_track_arrow_head_width = 0.08,  ...
vignettes/getting-started.Rmd#L54    inner_track_arrow_head_width = 0.10,  ...
vignettes/getting-started.Rmd#L55    png1 = out1, png2 = out2 ...
Checking if package already exists in CRAN... OK
Checking for bioc-devel mailing list subscription...
Cannot determine whether maintainer is subscribed to the Bioc-Devel mailing list (requires admin credentials). Subscribe here: https://stat.ethz.ch/mailman/listinfo/bioc-devel
Checking for support site registration...
Unable to find your email in the Support Site:
  [38;5;232mHTTP 404 Not Found.[39m
